#-----------------------------------------------------------
# Vivado v2020.2 (64-bit)
# SW Build 3064766 on Wed Nov 18 09:12:45 MST 2020
# IP Build 3064653 on Wed Nov 18 14:17:31 MST 2020
# Start of session at: Tue Mar 25 18:41:35 2025
# Process ID: 9008
# Current directory: E:/facultate/MASTER AM/DSD_prj
# Command line: vivado.exe -gui_launcher_event rodinguilauncherevent16692 E:\facultate\MASTER AM\DSD_prj\DSD_prj.xpr
# Log file: E:/facultate/MASTER AM/DSD_prj/vivado.log
# Journal file: E:/facultate/MASTER AM/DSD_prj\vivado.jou
#-----------------------------------------------------------
start_gui
open_project {E:/facultate/MASTER AM/DSD_prj/DSD_prj.xpr}
Scanning sources...
Finished scanning sources
INFO: [IP_Flow 19-234] Refreshing IP repositories
INFO: [IP_Flow 19-1704] No user IP repositories specified
INFO: [IP_Flow 19-2313] Loaded Vivado IP repository 'D:/Vivado/2020.2/data/ip'.
close [ open {E:/facultate/MASTER AM/DSD_prj/DSD_prj.srcs/sources_1/new/fsm.sv} w ]
add_files {{E:/facultate/MASTER AM/DSD_prj/DSD_prj.srcs/sources_1/new/fsm.sv}}
close [ open {E:/facultate/MASTER AM/DSD_prj/DSD_prj.srcs/sources_1/new/i_o_mem.sv} w ]
add_files {{E:/facultate/MASTER AM/DSD_prj/DSD_prj.srcs/sources_1/new/i_o_mem.sv}}
close [ open {E:/facultate/MASTER AM/DSD_prj/DSD_prj.srcs/sources_1/new/i_o_axi.sv} w ]
add_files {{E:/facultate/MASTER AM/DSD_prj/DSD_prj.srcs/sources_1/new/i_o_axi.sv}}
exit
INFO: [Common 17-206] Exiting Vivado at Tue Mar 25 19:43:29 2025...
